1607699210792	geckodriver	INFO	Listening on 127.0.0.1:63535
1607699213826	mozrunner::runner	INFO	Running command: "C:\\Program Files\\Mozilla Firefox\\firefox.exe" "--marionette" "-foreground" "-no-remote" "-profile" "C:\\Users\\Mirza\\AppData\\Local\\Temp\\rust_mozprofileC2SkKU"
Can't find symbol 'eglSwapBuffersWithDamageEXT'.
Can't find symbol 'eglSetDamageRegionKHR'.
JavaScript error: resource://gre/modules/XULStore.jsm, line 66: Error: Can't find profile directory.
console.warn: SearchSettings: "get: No settings file exists, new profile?" (new Error("", "(unknown module)"))
1607699215641	Marionette	INFO	Listening on port 63543
1607699215883	Marionette	WARN	TLS certificate errors will be ignored for this session
1607699218957	Marionette	INFO	Stopped listening on port 63543

###!!! [Child][RunMessage] Error: Channel closing: too late to send/recv, messages will be lost


###!!! [Child][MessageChannel::SendAndWait] Error: Channel error: cannot send/recv

1607699219445	geckodriver	INFO	Listening on 127.0.0.1:63585
1607699222468	mozrunner::runner	INFO	Running command: "C:\\Program Files\\Mozilla Firefox\\firefox.exe" "--marionette" "-foreground" "-no-remote" "-profile" "C:\\Users\\Mirza\\AppData\\Local\\Temp\\rust_mozprofilemVwhpJ"
Can't find symbol 'eglSwapBuffersWithDamageEXT'.
Can't find symbol 'eglSetDamageRegionKHR'.
JavaScript error: resource://gre/modules/XULStore.jsm, line 66: Error: Can't find profile directory.
console.warn: SearchSettings: "get: No settings file exists, new profile?" (new Error("", "(unknown module)"))
1607699224273	Marionette	INFO	Listening on port 63594
1607699224520	Marionette	WARN	TLS certificate errors will be ignored for this session
1607699231787	Marionette	INFO	Stopped listening on port 63594

###!!! [Child][RunMessage] Error: Channel closing: too late to send/recv, messages will be lost


###!!! [Child][MessageChannel::SendAndWait] Error: Channel error: cannot send/recv

1607699442620	geckodriver	INFO	Listening on 127.0.0.1:63674
1607699445663	mozrunner::runner	INFO	Running command: "C:\\Program Files\\Mozilla Firefox\\firefox.exe" "--marionette" "-foreground" "-no-remote" "-profile" "C:\\Users\\Mirza\\AppData\\Local\\Temp\\rust_mozprofilejbf2lM"
Can't find symbol 'eglSwapBuffersWithDamageEXT'.
Can't find symbol 'eglSetDamageRegionKHR'.
JavaScript error: resource://gre/modules/XULStore.jsm, line 66: Error: Can't find profile directory.
console.warn: SearchSettings: "get: No settings file exists, new profile?" (new Error("", "(unknown module)"))
1607699447998	Marionette	INFO	Listening on port 63689
1607699448339	Marionette	WARN	TLS certificate errors will be ignored for this session
JavaScript error: resource://gre/modules/XULStore.jsm, line 66: Error: Can't find profile directory.
JavaScript error: resource://gre/modules/XULStore.jsm, line 66: Error: Can't find profile directory.
JavaScript error: resource://gre/modules/XULStore.jsm, line 66: Error: Can't find profile directory.
JavaScript error: resource://gre/modules/XULStore.jsm, line 66: Error: Can't find profile directory.
JavaScript error: resource://gre/modules/XULStore.jsm, line 66: Error: Can't find profile directory.
JavaScript error: resource://gre/modules/XULStore.jsm, line 66: Error: Can't find profile directory.
JavaScript error: resource://gre/modules/XULStore.jsm, line 66: Error: Can't find profile directory.
1607699455600	Marionette	INFO	Stopped listening on port 63690

###!!! [Child][RunMessage] Error: Channel closing: too late to send/recv, messages will be lost


###!!! [Child][MessageChannel::SendAndWait] Error: Channel error: cannot send/recv

1607700041766	geckodriver	INFO	Listening on 127.0.0.1:63955
1607700044817	mozrunner::runner	INFO	Running command: "C:\\Program Files\\Mozilla Firefox\\firefox.exe" "--marionette" "-foreground" "-no-remote" "-profile" "C:\\Users\\Mirza\\AppData\\Local\\Temp\\rust_mozprofile6j7NUK"
Can't find symbol 'eglSwapBuffersWithDamageEXT'.
Can't find symbol 'eglSetDamageRegionKHR'.
JavaScript error: resource://gre/modules/XULStore.jsm, line 66: Error: Can't find profile directory.
console.warn: SearchSettings: "get: No settings file exists, new profile?" (new Error("", "(unknown module)"))
1607700046812	Marionette	INFO	Listening on port 63971
1607700046861	Marionette	WARN	TLS certificate errors will be ignored for this session
1607700053898	Marionette	INFO	Stopped listening on port 63970

###!!! [Child][RunMessage] Error: Channel closing: too late to send/recv, messages will be lost


###!!! [Child][MessageChannel::SendAndWait] Error: Channel error: cannot send/recv

1608208535969	geckodriver	INFO	Listening on 127.0.0.1:61725
1608208539008	mozrunner::runner	INFO	Running command: "C:\\Program Files\\Mozilla Firefox\\firefox.exe" "--marionette" "-foreground" "-no-remote" "-profile" "C:\\Users\\Mirza\\AppData\\Local\\Temp\\rust_mozprofileVDD6G3"
Can't find symbol 'eglSwapBuffersWithDamageEXT'.
Can't find symbol 'eglSetDamageRegionKHR'.
JavaScript error: resource://gre/modules/XULStore.jsm, line 66: Error: Can't find profile directory.
console.warn: SearchSettings: "get: No settings file exists, new profile?" (new Error("", "(unknown module)"))
1608208540860	Marionette	INFO	Listening on port 61733
1608208541061	Marionette	WARN	TLS certificate errors will be ignored for this session
1608208550674	Marionette	INFO	Stopped listening on port 61733

###!!! [Child][RunMessage] Error: Channel closing: too late to send/recv, messages will be lost


###!!! [Child][MessageChannel::SendAndWait] Error: Channel error: cannot send/recv

1608208555842	geckodriver	INFO	Listening on 127.0.0.1:61788
1608208558897	mozrunner::runner	INFO	Running command: "C:\\Program Files\\Mozilla Firefox\\firefox.exe" "--marionette" "-foreground" "-no-remote" "-profile" "C:\\Users\\Mirza\\AppData\\Local\\Temp\\rust_mozprofileOGAXLl"
Can't find symbol 'eglSwapBuffersWithDamageEXT'.
Can't find symbol 'eglSetDamageRegionKHR'.
JavaScript error: resource://gre/modules/XULStore.jsm, line 66: Error: Can't find profile directory.
console.warn: SearchSettings: "get: No settings file exists, new profile?" (new Error("", "(unknown module)"))
1608208560676	Marionette	INFO	Listening on port 61796
1608208560943	Marionette	WARN	TLS certificate errors will be ignored for this session
1608208570289	Marionette	INFO	Stopped listening on port 61796

###!!! [Child][RunMessage] Error: Channel closing: too late to send/recv, messages will be lost


###!!! [Child][MessageChannel::SendAndWait] Error: Channel error: cannot send/recv

1608639305173	geckodriver	INFO	Listening on 127.0.0.1:55409
1608639308208	mozrunner::runner	INFO	Running command: "C:\\Program Files\\Mozilla Firefox\\firefox.exe" "--marionette" "-foreground" "-no-remote" "-profile" "C:\\Users\\Mirza\\AppData\\Local\\Temp\\rust_mozprofileYlAK4V"
Can't find symbol 'eglSwapBuffersWithDamageEXT'.
Can't find symbol 'eglSetDamageRegionKHR'.
console.warn: SearchSettings: "get: No settings file exists, new profile?" (new Error("", "(unknown module)"))
1608639310211	Marionette	INFO	Listening on port 55417
1608639310273	Marionette	WARN	TLS certificate errors will be ignored for this session
1608639496179	geckodriver	INFO	Listening on 127.0.0.1:55507
1608639499236	mozrunner::runner	INFO	Running command: "C:\\Program Files\\Mozilla Firefox\\firefox.exe" "--marionette" "-foreground" "-no-remote" "-profile" "C:\\Users\\Mirza\\AppData\\Local\\Temp\\rust_mozprofile4eUBfS"
Can't find symbol 'eglSwapBuffersWithDamageEXT'.
Can't find symbol 'eglSetDamageRegionKHR'.
console.warn: SearchSettings: "get: No settings file exists, new profile?" (new Error("", "(unknown module)"))
1608639501188	Marionette	INFO	Listening on port 55515
1608639501280	Marionette	WARN	TLS certificate errors will be ignored for this session
1608639523549	Marionette	INFO	Stopped listening on port 55515

###!!! [Child][RunMessage] Error: Channel closing: too late to send/recv, messages will be lost

1608639673645	geckodriver	INFO	Listening on 127.0.0.1:55580
1608639676690	mozrunner::runner	INFO	Running command: "C:\\Program Files\\Mozilla Firefox\\firefox.exe" "--marionette" "-foreground" "-no-remote" "-profile" "C:\\Users\\Mirza\\AppData\\Local\\Temp\\rust_mozprofileNq38ll"
Can't find symbol 'eglSwapBuffersWithDamageEXT'.
Can't find symbol 'eglSetDamageRegionKHR'.
console.warn: SearchSettings: "get: No settings file exists, new profile?" (new Error("", "(unknown module)"))
1608639678651	Marionette	INFO	Listening on port 55588
1608639678732	Marionette	WARN	TLS certificate errors will be ignored for this session
1608639699682	Marionette	INFO	Stopped listening on port 55588

###!!! [Child][RunMessage] Error: Channel closing: too late to send/recv, messages will be lost

